{
  "devices" : {
    "com.apple.CoreSimulator.SimRuntime.tvOS-11-3" : [
      {
        "availability" : "(unavailable, runtime profile not found)",
        "state" : "Shutdown",
        "isAvailable" : false,
        "name" : "Apple TV",
        "udid" : "9C76B7B6-4CA6-4A1D-ABD3-EA0B2ABC1BA7",
        "availabilityError" : "runtime profile not found"
      },
      {
        "availability" : "(unavailable, runtime profile not found)",
        "state" : "Shutdown",
        "isAvailable" : false,
        "name" : "Apple TV 4K",
        "udid" : "27A1B503-E8D7-4092-A932-8EA5E3981550",
        "availabilityError" : "runtime profile not found"
      },
      {
        "availability" : "(unavailable, runtime profile not found)",
        "state" : "Shutdown",
        "isAvailable" : false,
        "name" : "Apple TV 4K (at 1080p)",
        "udid" : "7BC2600E-8798-4825-A143-761167529241",
        "availabilityError" : "runtime profile not found"
      }
    ],
    "watchOS 5.1" : [
      {
        "availability" : "(available)",
        "state" : "Shutdown",
        "isAvailable" : true,
        "name" : "Apple Watch Series 2 - 38mm",
        "udid" : "C2635FD4-E3CC-49B6-9CDE-67528A3DBD6E",
        "availabilityError" : ""
      },
      {
        "availability" : "(available)",
        "state" : "Shutdown",
        "isAvailable" : true,
        "name" : "Apple Watch Series 2 - 42mm",
        "udid" : "2671E310-B2DD-44D6-97E0-85B145B72160",
        "availabilityError" : ""
      },
      {
        "availability" : "(available)",
        "state" : "Shutdown",
        "isAvailable" : true,
        "name" : "Apple Watch Series 3 - 38mm",
        "udid" : "FD6F5A16-7377-4562-9BD7-BAA603955610",
        "availabilityError" : ""
      },
      {
        "availability" : "(available)",
        "state" : "Shutdown",
        "isAvailable" : true,
        "name" : "Apple Watch Series 3 - 42mm",
        "udid" : "A4DDD5CC-F2B1-41E5-9EED-7080743E5F2E",
        "availabilityError" : ""
      },
      {
        "availability" : "(available)",
        "state" : "Shutdown",
        "isAvailable" : true,
        "name" : "Apple Watch Series 4 - 40mm",
        "udid" : "F4247BCF-FB5A-4C24-840C-D85108782A22",
        "availabilityError" : ""
      },
      {
        "availability" : "(available)",
        "state" : "Shutdown",
        "isAvailable" : true,
        "name" : "Apple Watch Series 4 - 44mm",
        "udid" : "FA65CAA6-E9BE-49A3-82D9-353C9C2AC412",
        "availabilityError" : ""
      }
    ],
    "com.apple.CoreSimulator.SimRuntime.watchOS-4-3" : [
      {
        "availability" : "(unavailable, runtime profile not found)",
        "state" : "Shutdown",
        "isAvailable" : false,
        "name" : "Apple Watch - 38mm",
        "udid" : "6F5DF952-0CAE-4D2F-9967-44FB794CF190",
        "availabilityError" : "runtime profile not found"
      },
      {
        "availability" : "(unavailable, runtime profile not found)",
        "state" : "Shutdown",
        "isAvailable" : false,
        "name" : "Apple Watch - 42mm",
        "udid" : "7BFA55F8-4A8A-43BC-B028-ECD123A033D2",
        "availabilityError" : "runtime profile not found"
      },
      {
        "availability" : "(unavailable, runtime profile not found)",
        "state" : "Shutdown",
        "isAvailable" : false,
        "name" : "Apple Watch Series 2 - 38mm",
        "udid" : "882482F5-61E9-49B5-877E-8D758ED0A0CD",
        "availabilityError" : "runtime profile not found"
      },
      {
        "availability" : "(unavailable, runtime profile not found)",
        "state" : "Shutdown",
        "isAvailable" : false,
        "name" : "Apple Watch Series 2 - 42mm",
        "udid" : "8378D78B-E9E0-4A0E-B682-E22D458126AE",
        "availabilityError" : "runtime profile not found"
      },
      {
        "availability" : "(unavailable, runtime profile not found)",
        "state" : "Shutdown",
        "isAvailable" : false,
        "name" : "Apple Watch Series 3 - 38mm",
        "udid" : "324C47D8-0C17-4269-8D1B-7F5B74629FC6",
        "availabilityError" : "runtime profile not found"
      },
      {
        "availability" : "(unavailable, runtime profile not found)",
        "state" : "Shutdown",
        "isAvailable" : false,
        "name" : "Apple Watch Series 3 - 42mm",
        "udid" : "FEFDAB8C-71B7-4809-9A8C-BB720D865D30",
        "availabilityError" : "runtime profile not found"
      }
    ],
    "com.apple.CoreSimulator.SimRuntime.iOS-11-3" : [
      {
        "availability" : "(unavailable, runtime profile not found)",
        "state" : "Shutdown",
        "isAvailable" : false,
        "name" : "iPhone 5s",
        "udid" : "45F51C46-507B-4C0B-8F51-53F4773C7BB0",
        "availabilityError" : "runtime profile not found"
      },
      {
        "availability" : "(unavailable, runtime profile not found)",
        "state" : "Shutdown",
        "isAvailable" : false,
        "name" : "iPhone 6",
        "udid" : "2FB4A7DC-DF29-4C16-A6F7-FB21EAF55EAE",
        "availabilityError" : "runtime profile not found"
      },
      {
        "availability" : "(unavailable, runtime profile not found)",
        "state" : "Shutdown",
        "isAvailable" : false,
        "name" : "iPhone 6 Plus",
        "udid" : "3B706F56-B72A-40DA-ADAC-E89A4384A8EA",
        "availabilityError" : "runtime profile not found"
      },
      {
        "availability" : "(unavailable, runtime profile not found)",
        "state" : "Shutdown",
        "isAvailable" : false,
        "name" : "iPhone 6s",
        "udid" : "48A4BE5A-6B90-41CE-B731-868D55B3B8A5",
        "availabilityError" : "runtime profile not found"
      },
      {
        "availability" : "(unavailable, runtime profile not found)",
        "state" : "Shutdown",
        "isAvailable" : false,
        "name" : "iPhone 6s Plus",
        "udid" : "1284A1CD-5AC5-4E96-8EA8-81D30C295BA9",
        "availabilityError" : "runtime profile not found"
      },
      {
        "availability" : "(unavailable, runtime profile not found)",
        "state" : "Shutdown",
        "isAvailable" : false,
        "name" : "iPhone 7",
        "udid" : "628ABD06-33BE-43CB-B822-2470CF9E79D4",
        "availabilityError" : "runtime profile not found"
      },
      {
        "availability" : "(unavailable, runtime profile not found)",
        "state" : "Shutdown",
        "isAvailable" : false,
        "name" : "iPhone 7 Plus",
        "udid" : "24C6D4C3-B096-42D3-A835-3027061B1B3F",
        "availabilityError" : "runtime profile not found"
      },
      {
        "availability" : "(unavailable, runtime profile not found)",
        "state" : "Shutdown",
        "isAvailable" : false,
        "name" : "iPhone 8",
        "udid" : "C840850D-A571-4CC3-9A88-AC8BC2AA7C2A",
        "availabilityError" : "runtime profile not found"
      },
      {
        "availability" : "(unavailable, runtime profile not found)",
        "state" : "Shutdown",
        "isAvailable" : false,
        "name" : "iPhone 8 Plus",
        "udid" : "FFE9CB33-49C4-441B-9835-B080F336F986",
        "availabilityError" : "runtime profile not found"
      },
      {
        "availability" : "(unavailable, runtime profile not found)",
        "state" : "Shutdown",
        "isAvailable" : false,
        "name" : "iPhone SE",
        "udid" : "6D4E6602-C6C9-41E0-8835-670F37FE8A57",
        "availabilityError" : "runtime profile not found"
      },
      {
        "availability" : "(unavailable, runtime profile not found)",
        "state" : "Shutdown",
        "isAvailable" : false,
        "name" : "iPhone X",
        "udid" : "003398B0-F829-42DC-9D51-C3DE166004FE",
        "availabilityError" : "runtime profile not found"
      },
      {
        "availability" : "(unavailable, runtime profile not found)",
        "state" : "Shutdown",
        "isAvailable" : false,
        "name" : "iPad Air",
        "udid" : "F67D419B-B1F2-4C7A-B40E-7F846348A82E",
        "availabilityError" : "runtime profile not found"
      },
      {
        "availability" : "(unavailable, runtime profile not found)",
        "state" : "Shutdown",
        "isAvailable" : false,
        "name" : "iPad Air 2",
        "udid" : "9364105B-1F35-40AB-9443-74DCD24C4AE5",
        "availabilityError" : "runtime profile not found"
      },
      {
        "availability" : "(unavailable, runtime profile not found)",
        "state" : "Shutdown",
        "isAvailable" : false,
        "name" : "iPad (5th generation)",
        "udid" : "8FACA5BA-953F-4B3C-BE83-E730473E5142",
        "availabilityError" : "runtime profile not found"
      },
      {
        "availability" : "(unavailable, runtime profile not found)",
        "state" : "Shutdown",
        "isAvailable" : false,
        "name" : "iPad Pro (9.7-inch)",
        "udid" : "C0490580-149A-40EF-9D04-42C8A1E3956B",
        "availabilityError" : "runtime profile not found"
      },
      {
        "availability" : "(unavailable, runtime profile not found)",
        "state" : "Shutdown",
        "isAvailable" : false,
        "name" : "iPad Pro (12.9-inch)",
        "udid" : "2CA0CBD7-75F5-49F6-85E1-4AE43DCDE267",
        "availabilityError" : "runtime profile not found"
      },
      {
        "availability" : "(unavailable, runtime profile not found)",
        "state" : "Shutdown",
        "isAvailable" : false,
        "name" : "iPad Pro (12.9-inch) (2nd generation)",
        "udid" : "3583B0CB-4F09-421F-B0BD-C249693F3E6F",
        "availabilityError" : "runtime profile not found"
      },
      {
        "availability" : "(unavailable, runtime profile not found)",
        "state" : "Shutdown",
        "isAvailable" : false,
        "name" : "iPad Pro (10.5-inch)",
        "udid" : "9BEF4964-DF93-4819-A6BF-C2FB3D411359",
        "availabilityError" : "runtime profile not found"
      }
    ],
    "iOS 11.2" : [

    ],
    "iOS 12.1" : [
      {
        "availability" : "(available)",
        "state" : "Shutdown",
        "isAvailable" : true,
        "name" : "iPhone 5s",
        "udid" : "6DC1FE93-1C8C-4C8E-B2D2-CBA4F165F98F",
        "availabilityError" : ""
      },
      {
        "availability" : "(available)",
        "state" : "Shutdown",
        "isAvailable" : true,
        "name" : "iPhone 6",
        "udid" : "487508C6-89B4-485B-AC7F-74464BE6A57D",
        "availabilityError" : ""
      },
      {
        "availability" : "(available)",
        "state" : "Shutdown",
        "isAvailable" : true,
        "name" : "iPhone 6 Plus",
        "udid" : "3D99F0E2-9C88-4198-885E-45AABEC3946D",
        "availabilityError" : ""
      },
      {
        "availability" : "(available)",
        "state" : "Shutdown",
        "isAvailable" : true,
        "name" : "iPhone 6s",
        "udid" : "4434E291-F735-46B7-8B88-0FA1A39D12E4",
        "availabilityError" : ""
      },
      {
        "availability" : "(available)",
        "state" : "Shutdown",
        "isAvailable" : true,
        "name" : "iPhone 6s Plus",
        "udid" : "7AE88E94-CAB6-436A-B25C-41A92455BFA4",
        "availabilityError" : ""
      },
      {
        "availability" : "(available)",
        "state" : "Shutdown",
        "isAvailable" : true,
        "name" : "iPhone 7",
        "udid" : "CE54962C-5991-4445-A314-B3279D21E27E",
        "availabilityError" : ""
      },
      {
        "availability" : "(available)",
        "state" : "Shutdown",
        "isAvailable" : true,
        "name" : "iPhone 7 Plus",
        "udid" : "8BD62E4D-6AE0-433C-915E-1C3FE29660E9",
        "availabilityError" : ""
      },
      {
        "availability" : "(available)",
        "state" : "Shutdown",
        "isAvailable" : true,
        "name" : "iPhone 8",
        "udid" : "D896230C-DD1F-4ED4-B528-E40ED7942A75",
        "availabilityError" : ""
      },
      {
        "availability" : "(available)",
        "state" : "Shutdown",
        "isAvailable" : true,
        "name" : "iPhone 8 Plus",
        "udid" : "E693D04A-F7A1-4B6B-B1C0-19F44F3272D2",
        "availabilityError" : ""
      },
      {
        "availability" : "(available)",
        "state" : "Shutdown",
        "isAvailable" : true,
        "name" : "iPhone SE",
        "udid" : "E8279220-DEB3-470E-95F0-12FC1D1AF08B",
        "availabilityError" : ""
      },
      {
        "availability" : "(available)",
        "state" : "Shutdown",
        "isAvailable" : true,
        "name" : "iPhone X",
        "udid" : "7BDF456F-3D5E-4F55-94A6-0192B0CEC7A5",
        "availabilityError" : ""
      },
      {
        "availability" : "(available)",
        "state" : "Shutdown",
        "isAvailable" : true,
        "name" : "iPhone XS",
        "udid" : "C3C84015-C71A-4C40-AC31-BE643918BC4C",
        "availabilityError" : ""
      },
      {
        "availability" : "(available)",
        "state" : "Shutdown",
        "isAvailable" : true,
        "name" : "iPhone XS Max",
        "udid" : "FEC9FCEB-B053-44E3-B2F6-B0271D80B4A7",
        "availabilityError" : ""
      },
      {
        "availability" : "(available)",
        "state" : "Booted",
        "isAvailable" : true,
        "name" : "iPhone XR",
        "udid" : "6C94702D-510B-48DA-A0E3-9FF93DD1C8EE",
        "availabilityError" : ""
      },
      {
        "availability" : "(available)",
        "state" : "Shutdown",
        "isAvailable" : true,
        "name" : "iPad Air",
        "udid" : "E834D558-0B48-4893-9027-DEA9F3AFD482",
        "availabilityError" : ""
      },
      {
        "availability" : "(available)",
        "state" : "Shutdown",
        "isAvailable" : true,
        "name" : "iPad Air 2",
        "udid" : "6064D2C9-48A9-4D7F-A49F-2E987F7AF6B3",
        "availabilityError" : ""
      },
      {
        "availability" : "(available)",
        "state" : "Shutdown",
        "isAvailable" : true,
        "name" : "iPad (5th generation)",
        "udid" : "C7EA3F5C-95BF-4735-8277-59D801841313",
        "availabilityError" : ""
      },
      {
        "availability" : "(available)",
        "state" : "Shutdown",
        "isAvailable" : true,
        "name" : "iPad Pro (9.7-inch)",
        "udid" : "10BF9AB0-4E5A-4117-AD74-09491D35CA34",
        "availabilityError" : ""
      },
      {
        "availability" : "(available)",
        "state" : "Shutdown",
        "isAvailable" : true,
        "name" : "iPad Pro (12.9-inch)",
        "udid" : "7E54E24D-A042-4D3A-8B68-E5A18C32165C",
        "availabilityError" : ""
      },
      {
        "availability" : "(available)",
        "state" : "Shutdown",
        "isAvailable" : true,
        "name" : "iPad Pro (12.9-inch) (2nd generation)",
        "udid" : "67A1CC22-D18F-4730-AF62-C1BEB911F6F3",
        "availabilityError" : ""
      },
      {
        "availability" : "(available)",
        "state" : "Shutdown",
        "isAvailable" : true,
        "name" : "iPad Pro (10.5-inch)",
        "udid" : "FB47E252-178E-48EB-ACED-D110D03F7EB0",
        "availabilityError" : ""
      },
      {
        "availability" : "(available)",
        "state" : "Shutdown",
        "isAvailable" : true,
        "name" : "iPad (6th generation)",
        "udid" : "7A1701E1-FD20-4FA9-AEAD-F58975C4C38E",
        "availabilityError" : ""
      },
      {
        "availability" : "(available)",
        "state" : "Shutdown",
        "isAvailable" : true,
        "name" : "iPad Pro (11-inch)",
        "udid" : "1448E71D-2D36-4E3B-BF9A-79CD3B4A81EC",
        "availabilityError" : ""
      },
      {
        "availability" : "(available)",
        "state" : "Shutdown",
        "isAvailable" : true,
        "name" : "iPad Pro (12.9-inch) (3rd generation)",
        "udid" : "99C3E5AA-2CC2-4B8D-9F80-DD0C340DDF43",
        "availabilityError" : ""
      }
    ],
    "tvOS 12.1" : [
      {
        "availability" : "(available)",
        "state" : "Shutdown",
        "isAvailable" : true,
        "name" : "Apple TV",
        "udid" : "A92AF5E3-2CDE-4FCD-BE89-4383E65B0F74",
        "availabilityError" : ""
      },
      {
        "availability" : "(available)",
        "state" : "Shutdown",
        "isAvailable" : true,
        "name" : "Apple TV 4K",
        "udid" : "D958E987-D33D-435D-A023-2639E5CBECEA",
        "availabilityError" : ""
      },
      {
        "availability" : "(available)",
        "state" : "Shutdown",
        "isAvailable" : true,
        "name" : "Apple TV 4K (at 1080p)",
        "udid" : "2EB2CC7C-E1BD-499B-A7AD-128B14A3DA66",
        "availabilityError" : ""
      }
    ]
  }
}
